2026.01.13 20:38:10 INFO  Started: Metals version 1.6.4 in folders '/Users/Cris/Projects/lifelong-learning-system' for client Cursor 1.105.1.
2026.01.13 20:38:10 WARN  Using H2 2.4.240 which is newer than the version Flyway has been verified with. The latest verified version of H2 is 2.3.232.
2026.01.13 20:38:11 INFO  no build target found for /Users/Cris/Projects/lifelong-learning-system/java-version/src/main/java/com/learning/repository/UserRepository.java. Using fallback presentation compiler.
2026.01.13 20:38:14 WARN  no build target for: /Users/Cris/Projects/lifelong-learning-system/java-version/src/main/java/com/learning/repository/UserRepository.java
2026.01.13 20:38:14 INFO  no build target found for /Users/Cris/Projects/lifelong-learning-system/java-version/src/main/java/com/learning/repository/UserRepository.java. Using fallback presentation compiler.
2026.01.13 20:38:16 INFO  no build target found for /Users/Cris/Projects/lifelong-learning-system/java-version/src/main/java/com/learning/repository/UserRepository.java. Using fallback presentation compiler.
2026.01.13 20:38:16 INFO  no build target found for /Users/Cris/Projects/lifelong-learning-system/java-version/src/main/java/com/learning/repository/UserRepository.java. Using fallback presentation compiler.
2026.01.13 20:38:16 INFO  no build target found for /Users/Cris/Projects/lifelong-learning-system/java-version/src/main/java/com/learning/repository/UserRepository.java. Using fallback presentation compiler.
2026.01.13 20:38:16 INFO  no build target found for /Users/Cris/Projects/lifelong-learning-system/java-version/src/main/java/com/learning/repository/UserRepository.java. Using fallback presentation compiler.
2026.01.13 20:38:16 INFO  no build target found for /Users/Cris/Projects/lifelong-learning-system/java-version/src/main/java/com/learning/repository/UserRepository.java. Using fallback presentation compiler.
2026.01.13 20:38:16 INFO  no build target found for /Users/Cris/Projects/lifelong-learning-system/java-version/src/main/java/com/learning/repository/UserRepository.java. Using fallback presentation compiler.
2026.01.13 20:38:16 INFO  no build target found for /Users/Cris/Projects/lifelong-learning-system/java-version/src/main/java/com/learning/repository/UserRepository.java. Using fallback presentation compiler.
2026.01.13 20:38:20 INFO  no build target found for /Users/Cris/Projects/lifelong-learning-system/java-version/src/main/java/com/learning/repository/UserRepository.java. Using fallback presentation compiler.
2026.01.13 20:38:20 INFO  no build target found for /Users/Cris/Projects/lifelong-learning-system/java-version/src/main/java/com/learning/repository/UserRepository.java. Using fallback presentation compiler.
2026.01.13 20:38:22 INFO  no build target found for /Users/Cris/Projects/lifelong-learning-system/java-version/src/main/java/com/learning/repository/UserRepository.java. Using fallback presentation compiler.
2026.01.13 20:38:22 INFO  no build target found for /Users/Cris/Projects/lifelong-learning-system/java-version/src/main/java/com/learning/repository/UserRepository.java. Using fallback presentation compiler.
2026.01.13 20:38:23 INFO  no build target found for /Users/Cris/Projects/lifelong-learning-system/java-version/src/main/java/com/learning/repository/UserRepository.java. Using fallback presentation compiler.
2026.01.13 20:38:23 INFO  no build target found for /Users/Cris/Projects/lifelong-learning-system/java-version/src/main/java/com/learning/repository/UserRepository.java. Using fallback presentation compiler.
2026.01.13 20:38:25 WARN  no build target for: /Users/Cris/Projects/lifelong-learning-system/java-version/src/main/java/com/learning/repository/UserRepository.java
2026.01.13 20:38:25 INFO  no build target found for /Users/Cris/Projects/lifelong-learning-system/java-version/src/main/java/com/learning/repository/UserRepository.java. Using fallback presentation compiler.
2026.01.13 20:39:12 WARN  no build target for: /Users/Cris/Projects/lifelong-learning-system/java-version/src/main/java/com/learning/repository/UserRepository.java
2026.01.13 21:24:00 INFO  no build target found for /Users/Cris/Projects/lifelong-learning-system/java-version/src/main/java/com/learning/controller/HomeController.java. Using fallback presentation compiler.
2026.01.13 21:24:00 INFO  no build target found for /Users/Cris/Projects/lifelong-learning-system/java-version/src/main/java/com/learning/controller/HomeController.java. Using fallback presentation compiler.
2026.01.13 21:29:44 INFO  no build target found for /Users/Cris/Projects/lifelong-learning-system/java-version/src/main/java/com/learning/controller/HomeController.java. Using fallback presentation compiler.
2026.01.13 23:46:02 WARN  no build target for: /Users/Cris/Projects/lifelong-learning-system/java-version/src/main/java/com/learning/repository/UserRepository.java
2026.01.13 23:46:02 INFO  no build target found for /Users/Cris/Projects/lifelong-learning-system/java-version/src/main/java/com/learning/repository/UserRepository.java. Using fallback presentation compiler.
2026.01.13 23:46:06 WARN  no build target for: /Users/Cris/Projects/lifelong-learning-system/java-version/src/main/java/com/learning/repository/UserRepository.java
2026.01.13 23:46:06 INFO  no build target found for /Users/Cris/Projects/lifelong-learning-system/java-version/src/main/java/com/learning/repository/UserRepository.java. Using fallback presentation compiler.
2026.01.13 23:46:11 WARN  no build target for: /Users/Cris/Projects/lifelong-learning-system/java-version/src/main/java/com/learning/repository/UserRepository.java
2026.01.13 23:46:11 INFO  no build target found for /Users/Cris/Projects/lifelong-learning-system/java-version/src/main/java/com/learning/repository/UserRepository.java. Using fallback presentation compiler.
2026.01.13 23:46:11 INFO  no build target found for /Users/Cris/Projects/lifelong-learning-system/java-version/src/main/java/com/learning/repository/UserRepository.java. Using fallback presentation compiler.
2026.01.13 23:55:33 WARN  no build target for: /Users/Cris/Projects/lifelong-learning-system/java-version/src/main/java/com/learning/controller/HomeController.java
2026.01.13 23:55:33 INFO  no build target found for /Users/Cris/Projects/lifelong-learning-system/java-version/src/main/java/com/learning/controller/HomeController.java. Using fallback presentation compiler.
2026.01.13 23:55:34 WARN  no build target for: /Users/Cris/Projects/lifelong-learning-system/java-version/src/main/java/com/learning/repository/UserRepository.java
2026.01.13 23:55:33 INFO  no build target found for /Users/Cris/Projects/lifelong-learning-system/java-version/src/main/java/com/learning/repository/UserRepository.java. Using fallback presentation compiler.
2026.01.13 23:55:34 INFO  no build target found for /Users/Cris/Projects/lifelong-learning-system/java-version/src/main/java/com/learning/repository/UserRepository.java. Using fallback presentation compiler.
Jan 13, 2026 11:56:55 PM org.eclipse.lsp4j.jsonrpc.services.GenericEndpoint notify
INFO: Unsupported notification method: $/setTrace
2026.01.14 01:04:33 INFO  Shutting down server
2026.01.14 01:04:33 INFO  shutting down Metals
2026.01.14 01:04:33 INFO  Exiting server
